TN:
SF:src\modules\appointments\services\CreactAppointmentService.ts
FN:43,(anonymous_18)
FN:57,CreateAppointmentService
FN:73,(anonymous_20)
FNF:3
FNH:3
FNDA:1,(anonymous_18)
FNDA:5,CreateAppointmentService
FNDA:7,(anonymous_20)
DA:1,1
DA:3,1
DA:5,1
DA:43,1
DA:59,5
DA:62,5
DA:65,5
DA:73,1
DA:74,7
DA:75,7
DA:76,7
DA:84,7
DA:87,7
DA:88,3
DA:93,4
DA:94,1
DA:98,3
DA:99,1
DA:102,2
DA:106,2
DA:107,0
DA:113,2
DA:119,2
DA:121,4
DA:126,2
DA:130,4
DA:132,2
DA:134,1
DA:136,1
LF:29
LH:28
BRDA:87,0,0,3
BRDA:87,0,1,4
BRDA:93,1,0,1
BRDA:93,1,1,3
BRDA:98,2,0,1
BRDA:98,2,1,2
BRDA:98,3,0,3
BRDA:98,3,1,2
BRDA:106,4,0,0
BRDA:106,4,1,2
BRF:10
BRH:9
end_of_record
TN:
SF:src\modules\appointments\services\ListProviderAppointmentsService.ts
FN:16,(anonymous_17)
FN:18,ListProviderAppointmentsService
FN:24,(anonymous_19)
FNF:3
FNH:3
FNDA:1,(anonymous_17)
FNDA:1,ListProviderAppointmentsService
FNDA:1,(anonymous_19)
DA:1,1
DA:16,1
DA:20,1
DA:21,1
DA:24,1
DA:25,1
DA:26,1
DA:27,1
DA:28,1
DA:30,1
DA:32,1
DA:36,1
DA:37,1
DA:46,1
DA:48,2
DA:51,1
DA:53,1
DA:55,1
LF:18
LH:18
BRDA:51,0,0,1
BRDA:36,1,0,0
BRDA:36,1,1,1
BRF:3
BRH:2
end_of_record
TN:
SF:src\modules\appointments\services\ListProviderDayAvailabilityService.ts
FN:22,(anonymous_17)
FN:24,ListProviderDayAvailabilityService
FN:29,(anonymous_19)
FN:51,(anonymous_22)
FN:57,(anonymous_23)
FN:60,(anonymous_24)
FNF:6
FNH:6
FNDA:1,(anonymous_17)
FNDA:1,ListProviderDayAvailabilityService
FNDA:1,(anonymous_19)
FNDA:10,(anonymous_22)
FNDA:10,(anonymous_23)
FNDA:19,(anonymous_24)
DA:1,1
DA:2,1
DA:22,1
DA:26,1
DA:29,1
DA:30,1
DA:31,1
DA:32,1
DA:33,1
DA:36,1
DA:46,1
DA:49,1
DA:51,10
DA:54,1
DA:57,1
DA:59,10
DA:60,19
DA:63,10
DA:66,10
DA:73,1
DA:75,1
DA:77,1
LF:22
LH:22
BRDA:36,0,0,1
BRDA:69,1,0,10
BRDA:69,1,1,8
BRF:3
BRH:3
end_of_record
TN:
SF:src\modules\appointments\services\ListProviderMonthAvailabilityService.ts
FN:21,(anonymous_17)
FN:23,ListProviderMonthAvailabilityService
FN:28,(anonymous_19)
FN:49,(anonymous_22)
FN:56,(anonymous_23)
FN:59,(anonymous_24)
FNF:6
FNH:6
FNDA:1,(anonymous_17)
FNDA:1,ListProviderMonthAvailabilityService
FNDA:1,(anonymous_19)
FNDA:31,(anonymous_22)
FNDA:31,(anonymous_23)
FNDA:341,(anonymous_24)
DA:1,1
DA:2,1
DA:21,1
DA:25,1
DA:28,1
DA:29,1
DA:30,1
DA:31,1
DA:34,1
DA:43,1
DA:47,1
DA:49,31
DA:56,1
DA:58,31
DA:59,341
DA:64,31
DA:66,31
DA:72,1
DA:74,1
DA:76,1
LF:20
LH:20
BRDA:34,0,0,1
BRF:1
BRH:1
end_of_record
TN:
SF:src\modules\appointments\services\ListProvidersService.ts
FN:11,(anonymous_17)
FN:13,ListProviderService
FN:21,(anonymous_19)
FNF:3
FNH:3
FNDA:1,(anonymous_17)
FNDA:1,ListProviderService
FNDA:1,(anonymous_19)
DA:3,1
DA:11,1
DA:15,1
DA:18,1
DA:21,1
DA:22,1
DA:24,1
DA:26,1
DA:27,1
DA:31,1
DA:33,2
DA:36,1
DA:38,1
LF:13
LH:13
BRDA:36,0,0,1
BRDA:26,1,0,0
BRDA:26,1,1,1
BRF:3
BRH:2
end_of_record
TN:
SF:src\modules\users\services\AuthenticateUserService.ts
FN:22,(anonymous_18)
FN:24,AuthenticateUserService
FN:31,(anonymous_20)
FNF:3
FNH:3
FNDA:1,(anonymous_18)
FNDA:3,AuthenticateUserService
FNDA:3,(anonymous_20)
DA:3,1
DA:4,1
DA:5,1
DA:7,1
DA:22,1
DA:26,3
DA:28,3
DA:31,3
DA:32,3
DA:34,3
DA:35,1
DA:38,2
DA:43,2
DA:44,1
DA:57,1
DA:59,1
DA:69,1
DA:71,1
DA:73,1
LF:19
LH:19
BRDA:32,0,0,3
BRDA:34,1,0,1
BRDA:34,1,1,2
BRDA:43,2,0,1
BRDA:43,2,1,1
BRF:5
BRH:5
end_of_record
TN:
SF:src\modules\users\services\CreateUserService.ts
FN:17,(anonymous_18)
FN:19,CreateUserService
FN:30,(anonymous_20)
FNF:3
FNH:3
FNDA:1,(anonymous_18)
FNDA:2,CreateUserService
FNDA:3,(anonymous_20)
DA:2,1
DA:4,1
DA:17,1
DA:21,2
DA:24,2
DA:27,2
DA:30,3
DA:31,3
DA:33,3
DA:34,1
DA:37,2
DA:39,2
DA:45,4
DA:47,2
DA:49,1
DA:51,1
LF:16
LH:16
BRDA:31,0,0,3
BRDA:33,1,0,1
BRDA:33,1,1,2
BRF:3
BRH:3
end_of_record
TN:
SF:src\modules\users\services\ResetPasswordService.ts
FN:14,(anonymous_18)
FN:16,ResetPasswordService
FN:25,(anonymous_20)
FNF:3
FNH:3
FNDA:1,(anonymous_18)
FNDA:4,ResetPasswordService
FNDA:4,(anonymous_20)
DA:1,1
DA:3,1
DA:4,1
DA:14,1
DA:18,4
DA:20,4
DA:22,4
DA:25,4
DA:26,4
DA:28,4
DA:29,1
DA:32,3
DA:34,3
DA:35,1
DA:38,2
DA:39,2
DA:42,2
DA:43,1
DA:52,1
DA:55,2
DA:57,1
DA:59,1
LF:22
LH:22
BRDA:26,0,0,4
BRDA:28,1,0,1
BRDA:28,1,1,3
BRDA:34,2,0,1
BRDA:34,2,1,2
BRDA:42,3,0,1
BRDA:42,3,1,1
BRF:7
BRH:7
end_of_record
TN:
SF:src\modules\users\services\SendForgotPasswordEmailService.ts
FN:14,(anonymous_18)
FN:16,SendForgotPasswordEmailService
FN:25,(anonymous_20)
FNF:3
FNH:3
FNDA:1,(anonymous_18)
FNDA:3,SendForgotPasswordEmailService
FNDA:3,(anonymous_20)
DA:2,1
DA:3,1
DA:5,1
DA:14,1
DA:18,3
DA:20,3
DA:22,3
DA:25,3
DA:26,3
DA:28,3
DA:29,1
DA:32,2
DA:34,2
DA:41,4
DA:57,1
DA:59,1
LF:16
LH:16
BRDA:26,0,0,3
BRDA:28,1,0,1
BRDA:28,1,1,2
BRF:3
BRH:3
end_of_record
TN:
SF:src\modules\users\services\ShowProfileService.ts
FN:11,(anonymous_18)
FN:13,ShowProfileService
FN:18,(anonymous_20)
FNF:3
FNH:3
FNDA:1,(anonymous_18)
FNDA:2,ShowProfileService
FNDA:2,(anonymous_20)
DA:1,1
DA:3,1
DA:11,1
DA:15,2
DA:18,2
DA:19,2
DA:21,2
DA:22,1
DA:25,1
DA:27,1
LF:10
LH:10
BRDA:19,0,0,2
BRDA:21,1,0,1
BRDA:21,1,1,1
BRF:3
BRH:3
end_of_record
TN:
SF:src\modules\users\services\UpdateProfileService.ts
FN:16,(anonymous_18)
FN:18,UpdateProfileService
FN:26,(anonymous_20)
FNF:3
FNH:3
FNDA:1,(anonymous_18)
FNDA:6,UpdateProfileService
FNDA:6,(anonymous_20)
DA:1,1
DA:3,1
DA:16,1
DA:20,6
DA:23,6
DA:26,1
DA:27,6
DA:28,6
DA:29,6
DA:30,6
DA:31,6
DA:33,6
DA:35,6
DA:36,1
DA:39,5
DA:41,5
DA:42,1
DA:45,4
DA:46,4
DA:48,4
DA:49,1
DA:54,4
DA:55,2
DA:60,2
DA:61,1
DA:65,3
DA:66,1
DA:71,4
DA:73,2
DA:75,1
LF:30
LH:30
BRDA:33,0,0,6
BRDA:35,1,0,1
BRDA:35,1,1,5
BRDA:41,2,0,1
BRDA:41,2,1,4
BRDA:41,3,0,5
BRDA:41,3,1,1
BRDA:48,4,0,1
BRDA:48,4,1,3
BRDA:48,5,0,4
BRDA:48,5,1,3
BRDA:54,6,0,1
BRDA:54,6,1,2
BRDA:54,7,0,3
BRDA:54,7,1,2
BRDA:60,8,0,1
BRDA:60,8,1,1
BRDA:65,9,0,1
BRDA:65,9,1,1
BRF:19
BRH:19
end_of_record
TN:
SF:src\modules\users\services\UpdateUserAvatarService.ts
FN:23,(anonymous_18)
FN:25,UpdateUserAvatarService
FN:33,(anonymous_20)
FNF:3
FNH:3
FNDA:1,(anonymous_18)
FNDA:3,UpdateUserAvatarService
FNDA:4,(anonymous_20)
DA:10,1
DA:13,1
DA:23,1
DA:27,3
DA:30,3
DA:33,4
DA:36,4
DA:38,4
DA:39,1
DA:61,5
DA:62,2
DA:65,3
DA:68,3
DA:74,6
DA:76,3
DA:78,1
LF:16
LH:16
BRDA:36,0,0,4
BRDA:36,0,1,3
BRDA:38,1,0,1
BRDA:38,1,1,3
BRDA:61,2,0,2
BRDA:61,2,1,1
BRF:6
BRH:6
end_of_record
